[2022-10-28 21:47:29,903] {taskinstance.py:1179} INFO - Dependencies all met for <TaskInstance: get_files_denue.transform scheduled__2022-09-01T00:00:00+00:00 [queued]>
[2022-10-28 21:47:29,908] {taskinstance.py:1179} INFO - Dependencies all met for <TaskInstance: get_files_denue.transform scheduled__2022-09-01T00:00:00+00:00 [queued]>
[2022-10-28 21:47:29,908] {taskinstance.py:1376} INFO - 
--------------------------------------------------------------------------------
[2022-10-28 21:47:29,908] {taskinstance.py:1377} INFO - Starting attempt 1 of 6
[2022-10-28 21:47:29,908] {taskinstance.py:1378} INFO - 
--------------------------------------------------------------------------------
[2022-10-28 21:47:29,916] {taskinstance.py:1397} INFO - Executing <Task(_PythonDecoratedOperator): transform> on 2022-09-01 00:00:00+00:00
[2022-10-28 21:47:29,920] {standard_task_runner.py:52} INFO - Started process 209 to run task
[2022-10-28 21:47:29,922] {standard_task_runner.py:79} INFO - Running: ['***', 'tasks', 'run', 'get_files_denue', 'transform', 'scheduled__2022-09-01T00:00:00+00:00', '--job-id', '4', '--raw', '--subdir', 'DAGS_FOLDER/get_raw_files/get_files_denue.py', '--cfg-path', '/tmp/tmp7kn2abxf', '--error-file', '/tmp/tmp7v87lnn1']
[2022-10-28 21:47:29,923] {standard_task_runner.py:80} INFO - Job 4: Subtask transform
[2022-10-28 21:47:29,955] {task_command.py:371} INFO - Running <TaskInstance: get_files_denue.transform scheduled__2022-09-01T00:00:00+00:00 [running]> on host bb2b8b2f7954
[2022-10-28 21:47:30,102] {taskinstance.py:1591} INFO - Exporting the following env vars:
AIRFLOW_CTX_DAG_OWNER=Freakisimo
AIRFLOW_CTX_DAG_ID=get_files_denue
AIRFLOW_CTX_TASK_ID=transform
AIRFLOW_CTX_EXECUTION_DATE=2022-09-01T00:00:00+00:00
AIRFLOW_CTX_TRY_NUMBER=1
AIRFLOW_CTX_DAG_RUN_ID=scheduled__2022-09-01T00:00:00+00:00
[2022-10-28 21:47:30,102] {python.py:173} INFO - Done. Returned value was: []
[2022-10-28 21:47:30,116] {taskinstance.py:1420} INFO - Marking task as SUCCESS. dag_id=get_files_denue, task_id=transform, execution_date=20220901T000000, start_date=20221028T214729, end_date=20221028T214730
[2022-10-28 21:47:30,133] {local_task_job.py:156} INFO - Task exited with return code 0
[2022-10-28 21:47:30,158] {local_task_job.py:273} INFO - 1 downstream tasks scheduled from follow-on schedule check
