[2022-10-28 21:49:51,779] {taskinstance.py:1179} INFO - Dependencies all met for <TaskInstance: get_files_denue.transform scheduled__2022-09-01T00:00:00+00:00 [queued]>
[2022-10-28 21:49:51,784] {taskinstance.py:1179} INFO - Dependencies all met for <TaskInstance: get_files_denue.transform scheduled__2022-09-01T00:00:00+00:00 [queued]>
[2022-10-28 21:49:51,785] {taskinstance.py:1376} INFO - 
--------------------------------------------------------------------------------
[2022-10-28 21:49:51,785] {taskinstance.py:1377} INFO - Starting attempt 2 of 7
[2022-10-28 21:49:51,785] {taskinstance.py:1378} INFO - 
--------------------------------------------------------------------------------
[2022-10-28 21:49:51,792] {taskinstance.py:1397} INFO - Executing <Task(_PythonDecoratedOperator): transform> on 2022-09-01 00:00:00+00:00
[2022-10-28 21:49:51,798] {standard_task_runner.py:52} INFO - Started process 394 to run task
[2022-10-28 21:49:51,799] {standard_task_runner.py:79} INFO - Running: ['***', 'tasks', 'run', 'get_files_denue', 'transform', 'scheduled__2022-09-01T00:00:00+00:00', '--job-id', '7', '--raw', '--subdir', 'DAGS_FOLDER/get_raw_files/get_files_denue.py', '--cfg-path', '/tmp/tmpfbenibo0', '--error-file', '/tmp/tmp6xu0g0z2']
[2022-10-28 21:49:51,800] {standard_task_runner.py:80} INFO - Job 7: Subtask transform
[2022-10-28 21:49:51,831] {task_command.py:371} INFO - Running <TaskInstance: get_files_denue.transform scheduled__2022-09-01T00:00:00+00:00 [running]> on host bb2b8b2f7954
[2022-10-28 21:49:51,979] {taskinstance.py:1591} INFO - Exporting the following env vars:
AIRFLOW_CTX_DAG_OWNER=Freakisimo
AIRFLOW_CTX_DAG_ID=get_files_denue
AIRFLOW_CTX_TASK_ID=transform
AIRFLOW_CTX_EXECUTION_DATE=2022-09-01T00:00:00+00:00
AIRFLOW_CTX_TRY_NUMBER=2
AIRFLOW_CTX_DAG_RUN_ID=scheduled__2022-09-01T00:00:00+00:00
[2022-10-28 21:49:51,980] {python.py:173} INFO - Done. Returned value was: []
[2022-10-28 21:49:51,994] {taskinstance.py:1420} INFO - Marking task as SUCCESS. dag_id=get_files_denue, task_id=transform, execution_date=20220901T000000, start_date=20221028T214951, end_date=20221028T214951
[2022-10-28 21:49:52,011] {local_task_job.py:156} INFO - Task exited with return code 0
[2022-10-28 21:49:52,032] {local_task_job.py:273} INFO - 1 downstream tasks scheduled from follow-on schedule check
