[2022-10-28 21:04:29,123] {processor.py:153} INFO - Started process (PID=196) to work on /opt/airflow/dags/download_files.py
[2022-10-28 21:04:29,123] {processor.py:641} INFO - Processing file /opt/airflow/dags/download_files.py for tasks to queue
[2022-10-28 21:04:29,124] {logging_mixin.py:115} INFO - [2022-10-28 21:04:29,124] {dagbag.py:508} INFO - Filling up the DagBag from /opt/airflow/dags/download_files.py
[2022-10-28 21:04:29,130] {processor.py:651} INFO - DAG(s) dict_keys(['download_data_cdmx_files']) retrieved from /opt/airflow/dags/download_files.py
[2022-10-28 21:04:29,184] {logging_mixin.py:115} INFO - [2022-10-28 21:04:29,184] {manager.py:508} INFO - Created Permission View: can delete on DAG:download_data_cdmx_files
[2022-10-28 21:04:29,190] {logging_mixin.py:115} INFO - [2022-10-28 21:04:29,190] {manager.py:508} INFO - Created Permission View: can read on DAG:download_data_cdmx_files
[2022-10-28 21:04:29,194] {logging_mixin.py:115} INFO - [2022-10-28 21:04:29,193] {manager.py:508} INFO - Created Permission View: can edit on DAG:download_data_cdmx_files
[2022-10-28 21:04:29,194] {logging_mixin.py:115} INFO - [2022-10-28 21:04:29,194] {dag.py:2420} INFO - Sync 1 DAGs
[2022-10-28 21:04:29,199] {logging_mixin.py:115} INFO - [2022-10-28 21:04:29,199] {dag.py:2439} INFO - Creating ORM DAG for download_data_cdmx_files
[2022-10-28 21:04:29,207] {logging_mixin.py:115} INFO - [2022-10-28 21:04:29,207] {dag.py:2972} INFO - Setting next_dagrun for download_data_cdmx_files to 2022-08-08T00:00:00+00:00, run_after=2022-08-09T00:00:00+00:00
[2022-10-28 21:04:29,214] {processor.py:161} INFO - Processing /opt/airflow/dags/download_files.py took 0.093 seconds
[2022-10-28 21:04:59,738] {processor.py:153} INFO - Started process (PID=246) to work on /opt/airflow/dags/download_files.py
[2022-10-28 21:04:59,738] {processor.py:641} INFO - Processing file /opt/airflow/dags/download_files.py for tasks to queue
[2022-10-28 21:04:59,739] {logging_mixin.py:115} INFO - [2022-10-28 21:04:59,738] {dagbag.py:508} INFO - Filling up the DagBag from /opt/airflow/dags/download_files.py
[2022-10-28 21:04:59,744] {processor.py:651} INFO - DAG(s) dict_keys(['download_data_cdmx_files']) retrieved from /opt/airflow/dags/download_files.py
[2022-10-28 21:04:59,757] {logging_mixin.py:115} INFO - [2022-10-28 21:04:59,757] {dag.py:2420} INFO - Sync 1 DAGs
[2022-10-28 21:04:59,770] {logging_mixin.py:115} INFO - [2022-10-28 21:04:59,770] {dag.py:2972} INFO - Setting next_dagrun for download_data_cdmx_files to 2022-08-08T00:00:00+00:00, run_after=2022-08-09T00:00:00+00:00
[2022-10-28 21:04:59,775] {processor.py:161} INFO - Processing /opt/airflow/dags/download_files.py took 0.039 seconds
[2022-10-28 21:05:30,553] {processor.py:153} INFO - Started process (PID=302) to work on /opt/airflow/dags/download_files.py
[2022-10-28 21:05:30,554] {processor.py:641} INFO - Processing file /opt/airflow/dags/download_files.py for tasks to queue
[2022-10-28 21:05:30,554] {logging_mixin.py:115} INFO - [2022-10-28 21:05:30,554] {dagbag.py:508} INFO - Filling up the DagBag from /opt/airflow/dags/download_files.py
[2022-10-28 21:05:30,559] {processor.py:651} INFO - DAG(s) dict_keys(['download_data_cdmx_files']) retrieved from /opt/airflow/dags/download_files.py
[2022-10-28 21:05:30,572] {logging_mixin.py:115} INFO - [2022-10-28 21:05:30,572] {dag.py:2420} INFO - Sync 1 DAGs
[2022-10-28 21:05:30,585] {logging_mixin.py:115} INFO - [2022-10-28 21:05:30,585] {dag.py:2972} INFO - Setting next_dagrun for download_data_cdmx_files to 2022-08-08T00:00:00+00:00, run_after=2022-08-09T00:00:00+00:00
[2022-10-28 21:05:30,591] {processor.py:161} INFO - Processing /opt/airflow/dags/download_files.py took 0.039 seconds
[2022-10-28 21:06:01,374] {processor.py:153} INFO - Started process (PID=358) to work on /opt/airflow/dags/download_files.py
[2022-10-28 21:06:01,375] {processor.py:641} INFO - Processing file /opt/airflow/dags/download_files.py for tasks to queue
[2022-10-28 21:06:01,375] {logging_mixin.py:115} INFO - [2022-10-28 21:06:01,375] {dagbag.py:508} INFO - Filling up the DagBag from /opt/airflow/dags/download_files.py
[2022-10-28 21:06:01,380] {processor.py:651} INFO - DAG(s) dict_keys(['download_data_cdmx_files']) retrieved from /opt/airflow/dags/download_files.py
[2022-10-28 21:06:01,393] {logging_mixin.py:115} INFO - [2022-10-28 21:06:01,393] {dag.py:2420} INFO - Sync 1 DAGs
[2022-10-28 21:06:01,406] {logging_mixin.py:115} INFO - [2022-10-28 21:06:01,406] {dag.py:2972} INFO - Setting next_dagrun for download_data_cdmx_files to 2022-08-08T00:00:00+00:00, run_after=2022-08-09T00:00:00+00:00
[2022-10-28 21:06:01,411] {processor.py:161} INFO - Processing /opt/airflow/dags/download_files.py took 0.038 seconds
[2022-10-28 21:06:32,241] {processor.py:153} INFO - Started process (PID=412) to work on /opt/airflow/dags/download_files.py
[2022-10-28 21:06:32,241] {processor.py:641} INFO - Processing file /opt/airflow/dags/download_files.py for tasks to queue
[2022-10-28 21:06:32,241] {logging_mixin.py:115} INFO - [2022-10-28 21:06:32,241] {dagbag.py:508} INFO - Filling up the DagBag from /opt/airflow/dags/download_files.py
[2022-10-28 21:06:32,246] {processor.py:651} INFO - DAG(s) dict_keys(['download_data_cdmx_files']) retrieved from /opt/airflow/dags/download_files.py
[2022-10-28 21:06:32,260] {logging_mixin.py:115} INFO - [2022-10-28 21:06:32,260] {dag.py:2420} INFO - Sync 1 DAGs
[2022-10-28 21:06:32,274] {logging_mixin.py:115} INFO - [2022-10-28 21:06:32,274] {dag.py:2972} INFO - Setting next_dagrun for download_data_cdmx_files to 2022-08-08T00:00:00+00:00, run_after=2022-08-09T00:00:00+00:00
[2022-10-28 21:06:32,279] {processor.py:161} INFO - Processing /opt/airflow/dags/download_files.py took 0.040 seconds
[2022-10-28 21:07:03,065] {processor.py:153} INFO - Started process (PID=461) to work on /opt/airflow/dags/download_files.py
[2022-10-28 21:07:03,065] {processor.py:641} INFO - Processing file /opt/airflow/dags/download_files.py for tasks to queue
[2022-10-28 21:07:03,065] {logging_mixin.py:115} INFO - [2022-10-28 21:07:03,065] {dagbag.py:508} INFO - Filling up the DagBag from /opt/airflow/dags/download_files.py
[2022-10-28 21:07:03,070] {processor.py:651} INFO - DAG(s) dict_keys(['download_data_cdmx_files']) retrieved from /opt/airflow/dags/download_files.py
[2022-10-28 21:07:03,084] {logging_mixin.py:115} INFO - [2022-10-28 21:07:03,083] {dag.py:2420} INFO - Sync 1 DAGs
[2022-10-28 21:07:03,097] {logging_mixin.py:115} INFO - [2022-10-28 21:07:03,097] {dag.py:2972} INFO - Setting next_dagrun for download_data_cdmx_files to 2022-08-08T00:00:00+00:00, run_after=2022-08-09T00:00:00+00:00
[2022-10-28 21:07:03,103] {processor.py:161} INFO - Processing /opt/airflow/dags/download_files.py took 0.039 seconds
[2022-10-28 21:43:15,794] {processor.py:153} INFO - Started process (PID=196) to work on /opt/airflow/dags/download_files.py
[2022-10-28 21:43:15,794] {processor.py:641} INFO - Processing file /opt/airflow/dags/download_files.py for tasks to queue
[2022-10-28 21:43:15,794] {logging_mixin.py:115} INFO - [2022-10-28 21:43:15,794] {dagbag.py:508} INFO - Filling up the DagBag from /opt/airflow/dags/download_files.py
[2022-10-28 21:43:15,799] {processor.py:651} INFO - DAG(s) dict_keys(['download_data_cdmx_files']) retrieved from /opt/airflow/dags/download_files.py
[2022-10-28 21:43:15,863] {logging_mixin.py:115} INFO - [2022-10-28 21:43:15,863] {manager.py:508} INFO - Created Permission View: can read on DAG:download_data_cdmx_files
[2022-10-28 21:43:15,869] {logging_mixin.py:115} INFO - [2022-10-28 21:43:15,869] {manager.py:508} INFO - Created Permission View: can delete on DAG:download_data_cdmx_files
[2022-10-28 21:43:15,873] {logging_mixin.py:115} INFO - [2022-10-28 21:43:15,873] {manager.py:508} INFO - Created Permission View: can edit on DAG:download_data_cdmx_files
[2022-10-28 21:43:15,873] {logging_mixin.py:115} INFO - [2022-10-28 21:43:15,873] {dag.py:2420} INFO - Sync 1 DAGs
[2022-10-28 21:43:15,879] {logging_mixin.py:115} INFO - [2022-10-28 21:43:15,879] {dag.py:2439} INFO - Creating ORM DAG for download_data_cdmx_files
[2022-10-28 21:43:15,886] {logging_mixin.py:115} INFO - [2022-10-28 21:43:15,886] {dag.py:2972} INFO - Setting next_dagrun for download_data_cdmx_files to 2022-08-08T00:00:00+00:00, run_after=2022-08-09T00:00:00+00:00
[2022-10-28 21:43:15,893] {processor.py:161} INFO - Processing /opt/airflow/dags/download_files.py took 0.101 seconds
[2022-10-28 21:43:46,763] {processor.py:153} INFO - Started process (PID=252) to work on /opt/airflow/dags/download_files.py
[2022-10-28 21:43:46,764] {processor.py:641} INFO - Processing file /opt/airflow/dags/download_files.py for tasks to queue
[2022-10-28 21:43:46,764] {logging_mixin.py:115} INFO - [2022-10-28 21:43:46,764] {dagbag.py:508} INFO - Filling up the DagBag from /opt/airflow/dags/download_files.py
[2022-10-28 21:43:46,770] {processor.py:651} INFO - DAG(s) dict_keys(['download_data_cdmx_files']) retrieved from /opt/airflow/dags/download_files.py
[2022-10-28 21:43:46,783] {logging_mixin.py:115} INFO - [2022-10-28 21:43:46,783] {dag.py:2420} INFO - Sync 1 DAGs
[2022-10-28 21:43:46,796] {logging_mixin.py:115} INFO - [2022-10-28 21:43:46,796] {dag.py:2972} INFO - Setting next_dagrun for download_data_cdmx_files to 2022-08-08T00:00:00+00:00, run_after=2022-08-09T00:00:00+00:00
[2022-10-28 21:43:46,802] {processor.py:161} INFO - Processing /opt/airflow/dags/download_files.py took 0.040 seconds
[2022-10-28 21:44:17,672] {processor.py:153} INFO - Started process (PID=308) to work on /opt/airflow/dags/download_files.py
[2022-10-28 21:44:17,672] {processor.py:641} INFO - Processing file /opt/airflow/dags/download_files.py for tasks to queue
[2022-10-28 21:44:17,672] {logging_mixin.py:115} INFO - [2022-10-28 21:44:17,672] {dagbag.py:508} INFO - Filling up the DagBag from /opt/airflow/dags/download_files.py
[2022-10-28 21:44:17,678] {processor.py:651} INFO - DAG(s) dict_keys(['download_data_cdmx_files']) retrieved from /opt/airflow/dags/download_files.py
[2022-10-28 21:44:17,691] {logging_mixin.py:115} INFO - [2022-10-28 21:44:17,691] {dag.py:2420} INFO - Sync 1 DAGs
[2022-10-28 21:44:17,705] {logging_mixin.py:115} INFO - [2022-10-28 21:44:17,705] {dag.py:2972} INFO - Setting next_dagrun for download_data_cdmx_files to 2022-08-08T00:00:00+00:00, run_after=2022-08-09T00:00:00+00:00
[2022-10-28 21:44:17,710] {processor.py:161} INFO - Processing /opt/airflow/dags/download_files.py took 0.040 seconds
[2022-10-28 21:44:48,964] {processor.py:153} INFO - Started process (PID=373) to work on /opt/airflow/dags/download_files.py
[2022-10-28 21:44:48,964] {processor.py:641} INFO - Processing file /opt/airflow/dags/download_files.py for tasks to queue
[2022-10-28 21:44:48,964] {logging_mixin.py:115} INFO - [2022-10-28 21:44:48,964] {dagbag.py:508} INFO - Filling up the DagBag from /opt/airflow/dags/download_files.py
[2022-10-28 21:44:48,970] {processor.py:651} INFO - DAG(s) dict_keys(['download_data_cdmx_files']) retrieved from /opt/airflow/dags/download_files.py
[2022-10-28 21:44:48,983] {logging_mixin.py:115} INFO - [2022-10-28 21:44:48,983] {dag.py:2420} INFO - Sync 1 DAGs
[2022-10-28 21:44:48,997] {logging_mixin.py:115} INFO - [2022-10-28 21:44:48,997] {dag.py:2972} INFO - Setting next_dagrun for download_data_cdmx_files to 2022-08-08T00:00:00+00:00, run_after=2022-08-09T00:00:00+00:00
[2022-10-28 21:44:49,002] {processor.py:161} INFO - Processing /opt/airflow/dags/download_files.py took 0.040 seconds
[2022-10-28 21:45:19,558] {processor.py:153} INFO - Started process (PID=434) to work on /opt/airflow/dags/download_files.py
[2022-10-28 21:45:19,558] {processor.py:641} INFO - Processing file /opt/airflow/dags/download_files.py for tasks to queue
[2022-10-28 21:45:19,559] {logging_mixin.py:115} INFO - [2022-10-28 21:45:19,558] {dagbag.py:508} INFO - Filling up the DagBag from /opt/airflow/dags/download_files.py
[2022-10-28 21:45:19,566] {processor.py:651} INFO - DAG(s) dict_keys(['download_data_cdmx_files']) retrieved from /opt/airflow/dags/download_files.py
[2022-10-28 21:45:19,584] {logging_mixin.py:115} INFO - [2022-10-28 21:45:19,584] {dag.py:2420} INFO - Sync 1 DAGs
[2022-10-28 21:45:19,600] {logging_mixin.py:115} INFO - [2022-10-28 21:45:19,600] {dag.py:2972} INFO - Setting next_dagrun for download_data_cdmx_files to 2022-08-08T00:00:00+00:00, run_after=2022-08-09T00:00:00+00:00
[2022-10-28 21:45:19,606] {processor.py:161} INFO - Processing /opt/airflow/dags/download_files.py took 0.051 seconds
