[2022-10-28 21:04:28,580] {processor.py:153} INFO - Started process (PID=184) to work on /opt/airflow/dags/process_data/c5_files.py
[2022-10-28 21:04:28,580] {processor.py:641} INFO - Processing file /opt/airflow/dags/process_data/c5_files.py for tasks to queue
[2022-10-28 21:04:28,580] {logging_mixin.py:115} INFO - [2022-10-28 21:04:28,580] {dagbag.py:508} INFO - Filling up the DagBag from /opt/airflow/dags/process_data/c5_files.py
[2022-10-28 21:04:28,874] {logging_mixin.py:115} INFO - [2022-10-28 21:04:28,874] {credentials.py:1180} INFO - Found credentials in environment variables.
[2022-10-28 21:04:29,031] {processor.py:651} INFO - DAG(s) dict_keys(['process_c5_data']) retrieved from /opt/airflow/dags/process_data/c5_files.py
[2022-10-28 21:04:29,074] {logging_mixin.py:115} INFO - [2022-10-28 21:04:29,074] {manager.py:508} INFO - Created Permission View: can delete on DAG:process_c5_data
[2022-10-28 21:04:29,079] {logging_mixin.py:115} INFO - [2022-10-28 21:04:29,079] {manager.py:508} INFO - Created Permission View: can read on DAG:process_c5_data
[2022-10-28 21:04:29,083] {logging_mixin.py:115} INFO - [2022-10-28 21:04:29,083] {manager.py:508} INFO - Created Permission View: can edit on DAG:process_c5_data
[2022-10-28 21:04:29,083] {logging_mixin.py:115} INFO - [2022-10-28 21:04:29,083] {dag.py:2420} INFO - Sync 1 DAGs
[2022-10-28 21:04:29,088] {logging_mixin.py:115} INFO - [2022-10-28 21:04:29,088] {dag.py:2439} INFO - Creating ORM DAG for process_c5_data
[2022-10-28 21:04:29,097] {logging_mixin.py:115} INFO - [2022-10-28 21:04:29,097] {dag.py:2972} INFO - Setting next_dagrun for process_c5_data to 2022-09-01T00:00:00+00:00, run_after=2022-10-01T00:00:00+00:00
[2022-10-28 21:04:29,104] {processor.py:161} INFO - Processing /opt/airflow/dags/process_data/c5_files.py took 0.526 seconds
[2022-10-28 21:04:59,598] {processor.py:153} INFO - Started process (PID=240) to work on /opt/airflow/dags/process_data/c5_files.py
[2022-10-28 21:04:59,598] {processor.py:641} INFO - Processing file /opt/airflow/dags/process_data/c5_files.py for tasks to queue
[2022-10-28 21:04:59,598] {logging_mixin.py:115} INFO - [2022-10-28 21:04:59,598] {dagbag.py:508} INFO - Filling up the DagBag from /opt/airflow/dags/process_data/c5_files.py
[2022-10-28 21:04:59,849] {logging_mixin.py:115} INFO - [2022-10-28 21:04:59,849] {credentials.py:1180} INFO - Found credentials in environment variables.
[2022-10-28 21:04:59,983] {processor.py:651} INFO - DAG(s) dict_keys(['process_c5_data']) retrieved from /opt/airflow/dags/process_data/c5_files.py
[2022-10-28 21:04:59,995] {logging_mixin.py:115} INFO - [2022-10-28 21:04:59,994] {dag.py:2420} INFO - Sync 1 DAGs
[2022-10-28 21:05:00,008] {logging_mixin.py:115} INFO - [2022-10-28 21:05:00,007] {dag.py:2972} INFO - Setting next_dagrun for process_c5_data to 2022-09-01T00:00:00+00:00, run_after=2022-10-01T00:00:00+00:00
[2022-10-28 21:05:00,013] {processor.py:161} INFO - Processing /opt/airflow/dags/process_data/c5_files.py took 0.417 seconds
[2022-10-28 21:05:30,424] {processor.py:153} INFO - Started process (PID=296) to work on /opt/airflow/dags/process_data/c5_files.py
[2022-10-28 21:05:30,425] {processor.py:641} INFO - Processing file /opt/airflow/dags/process_data/c5_files.py for tasks to queue
[2022-10-28 21:05:30,425] {logging_mixin.py:115} INFO - [2022-10-28 21:05:30,425] {dagbag.py:508} INFO - Filling up the DagBag from /opt/airflow/dags/process_data/c5_files.py
[2022-10-28 21:05:30,676] {logging_mixin.py:115} INFO - [2022-10-28 21:05:30,676] {credentials.py:1180} INFO - Found credentials in environment variables.
[2022-10-28 21:05:30,812] {processor.py:651} INFO - DAG(s) dict_keys(['process_c5_data']) retrieved from /opt/airflow/dags/process_data/c5_files.py
[2022-10-28 21:05:30,823] {logging_mixin.py:115} INFO - [2022-10-28 21:05:30,823] {dag.py:2420} INFO - Sync 1 DAGs
[2022-10-28 21:05:30,836] {logging_mixin.py:115} INFO - [2022-10-28 21:05:30,836] {dag.py:2972} INFO - Setting next_dagrun for process_c5_data to 2022-09-01T00:00:00+00:00, run_after=2022-10-01T00:00:00+00:00
[2022-10-28 21:05:30,841] {processor.py:161} INFO - Processing /opt/airflow/dags/process_data/c5_files.py took 0.418 seconds
[2022-10-28 21:06:01,252] {processor.py:153} INFO - Started process (PID=352) to work on /opt/airflow/dags/process_data/c5_files.py
[2022-10-28 21:06:01,253] {processor.py:641} INFO - Processing file /opt/airflow/dags/process_data/c5_files.py for tasks to queue
[2022-10-28 21:06:01,253] {logging_mixin.py:115} INFO - [2022-10-28 21:06:01,253] {dagbag.py:508} INFO - Filling up the DagBag from /opt/airflow/dags/process_data/c5_files.py
[2022-10-28 21:06:01,524] {logging_mixin.py:115} INFO - [2022-10-28 21:06:01,524] {credentials.py:1180} INFO - Found credentials in environment variables.
[2022-10-28 21:06:01,657] {processor.py:651} INFO - DAG(s) dict_keys(['process_c5_data']) retrieved from /opt/airflow/dags/process_data/c5_files.py
[2022-10-28 21:06:01,668] {logging_mixin.py:115} INFO - [2022-10-28 21:06:01,668] {dag.py:2420} INFO - Sync 1 DAGs
[2022-10-28 21:06:01,681] {logging_mixin.py:115} INFO - [2022-10-28 21:06:01,681] {dag.py:2972} INFO - Setting next_dagrun for process_c5_data to 2022-09-01T00:00:00+00:00, run_after=2022-10-01T00:00:00+00:00
[2022-10-28 21:06:01,687] {processor.py:161} INFO - Processing /opt/airflow/dags/process_data/c5_files.py took 0.436 seconds
[2022-10-28 21:06:32,084] {processor.py:153} INFO - Started process (PID=399) to work on /opt/airflow/dags/process_data/c5_files.py
[2022-10-28 21:06:32,084] {processor.py:641} INFO - Processing file /opt/airflow/dags/process_data/c5_files.py for tasks to queue
[2022-10-28 21:06:32,085] {logging_mixin.py:115} INFO - [2022-10-28 21:06:32,085] {dagbag.py:508} INFO - Filling up the DagBag from /opt/airflow/dags/process_data/c5_files.py
[2022-10-28 21:06:32,356] {logging_mixin.py:115} INFO - [2022-10-28 21:06:32,356] {credentials.py:1180} INFO - Found credentials in environment variables.
[2022-10-28 21:06:32,496] {processor.py:651} INFO - DAG(s) dict_keys(['process_c5_data']) retrieved from /opt/airflow/dags/process_data/c5_files.py
[2022-10-28 21:06:32,507] {logging_mixin.py:115} INFO - [2022-10-28 21:06:32,507] {dag.py:2420} INFO - Sync 1 DAGs
[2022-10-28 21:06:32,521] {logging_mixin.py:115} INFO - [2022-10-28 21:06:32,521] {dag.py:2972} INFO - Setting next_dagrun for process_c5_data to 2022-09-01T00:00:00+00:00, run_after=2022-10-01T00:00:00+00:00
[2022-10-28 21:06:32,526] {processor.py:161} INFO - Processing /opt/airflow/dags/process_data/c5_files.py took 0.444 seconds
[2022-10-28 21:07:02,937] {processor.py:153} INFO - Started process (PID=455) to work on /opt/airflow/dags/process_data/c5_files.py
[2022-10-28 21:07:02,938] {processor.py:641} INFO - Processing file /opt/airflow/dags/process_data/c5_files.py for tasks to queue
[2022-10-28 21:07:02,938] {logging_mixin.py:115} INFO - [2022-10-28 21:07:02,938] {dagbag.py:508} INFO - Filling up the DagBag from /opt/airflow/dags/process_data/c5_files.py
[2022-10-28 21:07:03,208] {logging_mixin.py:115} INFO - [2022-10-28 21:07:03,208] {credentials.py:1180} INFO - Found credentials in environment variables.
[2022-10-28 21:07:03,345] {processor.py:651} INFO - DAG(s) dict_keys(['process_c5_data']) retrieved from /opt/airflow/dags/process_data/c5_files.py
[2022-10-28 21:07:03,356] {logging_mixin.py:115} INFO - [2022-10-28 21:07:03,356] {dag.py:2420} INFO - Sync 1 DAGs
[2022-10-28 21:07:03,369] {logging_mixin.py:115} INFO - [2022-10-28 21:07:03,369] {dag.py:2972} INFO - Setting next_dagrun for process_c5_data to 2022-09-01T00:00:00+00:00, run_after=2022-10-01T00:00:00+00:00
[2022-10-28 21:07:03,374] {processor.py:161} INFO - Processing /opt/airflow/dags/process_data/c5_files.py took 0.439 seconds
[2022-10-28 21:43:15,284] {processor.py:153} INFO - Started process (PID=184) to work on /opt/airflow/dags/process_data/c5_files.py
[2022-10-28 21:43:15,284] {processor.py:641} INFO - Processing file /opt/airflow/dags/process_data/c5_files.py for tasks to queue
[2022-10-28 21:43:15,284] {logging_mixin.py:115} INFO - [2022-10-28 21:43:15,284] {dagbag.py:508} INFO - Filling up the DagBag from /opt/airflow/dags/process_data/c5_files.py
[2022-10-28 21:43:15,560] {logging_mixin.py:115} INFO - [2022-10-28 21:43:15,560] {credentials.py:1180} INFO - Found credentials in environment variables.
[2022-10-28 21:43:15,704] {processor.py:651} INFO - DAG(s) dict_keys(['process_c5_data']) retrieved from /opt/airflow/dags/process_data/c5_files.py
[2022-10-28 21:43:15,748] {logging_mixin.py:115} INFO - [2022-10-28 21:43:15,748] {manager.py:508} INFO - Created Permission View: can read on DAG:process_c5_data
[2022-10-28 21:43:15,753] {logging_mixin.py:115} INFO - [2022-10-28 21:43:15,753] {manager.py:508} INFO - Created Permission View: can delete on DAG:process_c5_data
[2022-10-28 21:43:15,757] {logging_mixin.py:115} INFO - [2022-10-28 21:43:15,757] {manager.py:508} INFO - Created Permission View: can edit on DAG:process_c5_data
[2022-10-28 21:43:15,757] {logging_mixin.py:115} INFO - [2022-10-28 21:43:15,757] {dag.py:2420} INFO - Sync 1 DAGs
[2022-10-28 21:43:15,762] {logging_mixin.py:115} INFO - [2022-10-28 21:43:15,762] {dag.py:2439} INFO - Creating ORM DAG for process_c5_data
[2022-10-28 21:43:15,770] {logging_mixin.py:115} INFO - [2022-10-28 21:43:15,770] {dag.py:2972} INFO - Setting next_dagrun for process_c5_data to 2022-09-01T00:00:00+00:00, run_after=2022-10-01T00:00:00+00:00
[2022-10-28 21:43:15,776] {processor.py:161} INFO - Processing /opt/airflow/dags/process_data/c5_files.py took 0.494 seconds
[2022-10-28 21:43:46,278] {processor.py:153} INFO - Started process (PID=240) to work on /opt/airflow/dags/process_data/c5_files.py
[2022-10-28 21:43:46,279] {processor.py:641} INFO - Processing file /opt/airflow/dags/process_data/c5_files.py for tasks to queue
[2022-10-28 21:43:46,279] {logging_mixin.py:115} INFO - [2022-10-28 21:43:46,279] {dagbag.py:508} INFO - Filling up the DagBag from /opt/airflow/dags/process_data/c5_files.py
[2022-10-28 21:43:46,554] {logging_mixin.py:115} INFO - [2022-10-28 21:43:46,554] {credentials.py:1180} INFO - Found credentials in environment variables.
[2022-10-28 21:43:46,691] {processor.py:651} INFO - DAG(s) dict_keys(['process_c5_data']) retrieved from /opt/airflow/dags/process_data/c5_files.py
[2022-10-28 21:43:46,703] {logging_mixin.py:115} INFO - [2022-10-28 21:43:46,703] {dag.py:2420} INFO - Sync 1 DAGs
[2022-10-28 21:43:46,717] {logging_mixin.py:115} INFO - [2022-10-28 21:43:46,717] {dag.py:2972} INFO - Setting next_dagrun for process_c5_data to 2022-09-01T00:00:00+00:00, run_after=2022-10-01T00:00:00+00:00
[2022-10-28 21:43:46,722] {processor.py:161} INFO - Processing /opt/airflow/dags/process_data/c5_files.py took 0.446 seconds
[2022-10-28 21:44:17,210] {processor.py:153} INFO - Started process (PID=296) to work on /opt/airflow/dags/process_data/c5_files.py
[2022-10-28 21:44:17,210] {processor.py:641} INFO - Processing file /opt/airflow/dags/process_data/c5_files.py for tasks to queue
[2022-10-28 21:44:17,210] {logging_mixin.py:115} INFO - [2022-10-28 21:44:17,210] {dagbag.py:508} INFO - Filling up the DagBag from /opt/airflow/dags/process_data/c5_files.py
[2022-10-28 21:44:17,483] {logging_mixin.py:115} INFO - [2022-10-28 21:44:17,483] {credentials.py:1180} INFO - Found credentials in environment variables.
[2022-10-28 21:44:17,620] {processor.py:651} INFO - DAG(s) dict_keys(['process_c5_data']) retrieved from /opt/airflow/dags/process_data/c5_files.py
[2022-10-28 21:44:17,633] {logging_mixin.py:115} INFO - [2022-10-28 21:44:17,632] {dag.py:2420} INFO - Sync 1 DAGs
[2022-10-28 21:44:17,646] {logging_mixin.py:115} INFO - [2022-10-28 21:44:17,646] {dag.py:2972} INFO - Setting next_dagrun for process_c5_data to 2022-09-01T00:00:00+00:00, run_after=2022-10-01T00:00:00+00:00
[2022-10-28 21:44:17,651] {processor.py:161} INFO - Processing /opt/airflow/dags/process_data/c5_files.py took 0.443 seconds
[2022-10-28 21:44:48,066] {processor.py:153} INFO - Started process (PID=357) to work on /opt/airflow/dags/process_data/c5_files.py
[2022-10-28 21:44:48,066] {processor.py:641} INFO - Processing file /opt/airflow/dags/process_data/c5_files.py for tasks to queue
[2022-10-28 21:44:48,066] {logging_mixin.py:115} INFO - [2022-10-28 21:44:48,066] {dagbag.py:508} INFO - Filling up the DagBag from /opt/airflow/dags/process_data/c5_files.py
[2022-10-28 21:44:48,338] {logging_mixin.py:115} INFO - [2022-10-28 21:44:48,338] {credentials.py:1180} INFO - Found credentials in environment variables.
[2022-10-28 21:44:48,480] {processor.py:651} INFO - DAG(s) dict_keys(['process_c5_data']) retrieved from /opt/airflow/dags/process_data/c5_files.py
[2022-10-28 21:44:48,491] {logging_mixin.py:115} INFO - [2022-10-28 21:44:48,491] {dag.py:2420} INFO - Sync 1 DAGs
[2022-10-28 21:44:48,504] {logging_mixin.py:115} INFO - [2022-10-28 21:44:48,504] {dag.py:2972} INFO - Setting next_dagrun for process_c5_data to 2022-09-01T00:00:00+00:00, run_after=2022-10-01T00:00:00+00:00
[2022-10-28 21:44:48,510] {processor.py:161} INFO - Processing /opt/airflow/dags/process_data/c5_files.py took 0.445 seconds
[2022-10-28 21:45:19,074] {processor.py:153} INFO - Started process (PID=413) to work on /opt/airflow/dags/process_data/c5_files.py
[2022-10-28 21:45:19,074] {processor.py:641} INFO - Processing file /opt/airflow/dags/process_data/c5_files.py for tasks to queue
[2022-10-28 21:45:19,074] {logging_mixin.py:115} INFO - [2022-10-28 21:45:19,074] {dagbag.py:508} INFO - Filling up the DagBag from /opt/airflow/dags/process_data/c5_files.py
[2022-10-28 21:45:19,328] {logging_mixin.py:115} INFO - [2022-10-28 21:45:19,328] {credentials.py:1180} INFO - Found credentials in environment variables.
[2022-10-28 21:45:19,484] {processor.py:651} INFO - DAG(s) dict_keys(['process_c5_data']) retrieved from /opt/airflow/dags/process_data/c5_files.py
[2022-10-28 21:45:19,496] {logging_mixin.py:115} INFO - [2022-10-28 21:45:19,496] {dag.py:2420} INFO - Sync 1 DAGs
[2022-10-28 21:45:19,512] {logging_mixin.py:115} INFO - [2022-10-28 21:45:19,512] {dag.py:2972} INFO - Setting next_dagrun for process_c5_data to 2022-09-01T00:00:00+00:00, run_after=2022-10-01T00:00:00+00:00
[2022-10-28 21:45:19,518] {processor.py:161} INFO - Processing /opt/airflow/dags/process_data/c5_files.py took 0.446 seconds
