[2022-10-28 21:04:27,771] {processor.py:153} INFO - Started process (PID=177) to work on /opt/airflow/dags/process_data/pedestrian_files.py
[2022-10-28 21:04:27,771] {processor.py:641} INFO - Processing file /opt/airflow/dags/process_data/pedestrian_files.py for tasks to queue
[2022-10-28 21:04:27,772] {logging_mixin.py:115} INFO - [2022-10-28 21:04:27,771] {dagbag.py:508} INFO - Filling up the DagBag from /opt/airflow/dags/process_data/pedestrian_files.py
[2022-10-28 21:04:28,528] {logging_mixin.py:115} INFO - [2022-10-28 21:04:28,528] {credentials.py:1180} INFO - Found credentials in environment variables.
[2022-10-28 21:04:28,700] {processor.py:651} INFO - DAG(s) dict_keys(['process_pedestrian_accidents_data']) retrieved from /opt/airflow/dags/process_data/pedestrian_files.py
[2022-10-28 21:04:28,744] {logging_mixin.py:115} INFO - [2022-10-28 21:04:28,744] {manager.py:508} INFO - Created Permission View: can delete on DAG:process_pedestrian_accidents_data
[2022-10-28 21:04:28,749] {logging_mixin.py:115} INFO - [2022-10-28 21:04:28,749] {manager.py:508} INFO - Created Permission View: can read on DAG:process_pedestrian_accidents_data
[2022-10-28 21:04:28,753] {logging_mixin.py:115} INFO - [2022-10-28 21:04:28,753] {manager.py:508} INFO - Created Permission View: can edit on DAG:process_pedestrian_accidents_data
[2022-10-28 21:04:28,754] {logging_mixin.py:115} INFO - [2022-10-28 21:04:28,753] {dag.py:2420} INFO - Sync 1 DAGs
[2022-10-28 21:04:28,759] {logging_mixin.py:115} INFO - [2022-10-28 21:04:28,758] {dag.py:2439} INFO - Creating ORM DAG for process_pedestrian_accidents_data
[2022-10-28 21:04:28,767] {logging_mixin.py:115} INFO - [2022-10-28 21:04:28,766] {dag.py:2972} INFO - Setting next_dagrun for process_pedestrian_accidents_data to 2022-09-01T00:00:00+00:00, run_after=2022-10-01T00:00:00+00:00
[2022-10-28 21:04:28,774] {processor.py:161} INFO - Processing /opt/airflow/dags/process_data/pedestrian_files.py took 1.004 seconds
[2022-10-28 21:04:59,292] {processor.py:153} INFO - Started process (PID=233) to work on /opt/airflow/dags/process_data/pedestrian_files.py
[2022-10-28 21:04:59,292] {processor.py:641} INFO - Processing file /opt/airflow/dags/process_data/pedestrian_files.py for tasks to queue
[2022-10-28 21:04:59,293] {logging_mixin.py:115} INFO - [2022-10-28 21:04:59,293] {dagbag.py:508} INFO - Filling up the DagBag from /opt/airflow/dags/process_data/pedestrian_files.py
[2022-10-28 21:04:59,555] {logging_mixin.py:115} INFO - [2022-10-28 21:04:59,555] {credentials.py:1180} INFO - Found credentials in environment variables.
[2022-10-28 21:04:59,692] {processor.py:651} INFO - DAG(s) dict_keys(['process_pedestrian_accidents_data']) retrieved from /opt/airflow/dags/process_data/pedestrian_files.py
[2022-10-28 21:04:59,703] {logging_mixin.py:115} INFO - [2022-10-28 21:04:59,703] {dag.py:2420} INFO - Sync 1 DAGs
[2022-10-28 21:04:59,716] {logging_mixin.py:115} INFO - [2022-10-28 21:04:59,716] {dag.py:2972} INFO - Setting next_dagrun for process_pedestrian_accidents_data to 2022-09-01T00:00:00+00:00, run_after=2022-10-01T00:00:00+00:00
[2022-10-28 21:04:59,721] {processor.py:161} INFO - Processing /opt/airflow/dags/process_data/pedestrian_files.py took 0.431 seconds
[2022-10-28 21:05:30,098] {processor.py:153} INFO - Started process (PID=289) to work on /opt/airflow/dags/process_data/pedestrian_files.py
[2022-10-28 21:05:30,098] {processor.py:641} INFO - Processing file /opt/airflow/dags/process_data/pedestrian_files.py for tasks to queue
[2022-10-28 21:05:30,098] {logging_mixin.py:115} INFO - [2022-10-28 21:05:30,098] {dagbag.py:508} INFO - Filling up the DagBag from /opt/airflow/dags/process_data/pedestrian_files.py
[2022-10-28 21:05:30,368] {logging_mixin.py:115} INFO - [2022-10-28 21:05:30,368] {credentials.py:1180} INFO - Found credentials in environment variables.
[2022-10-28 21:05:30,507] {processor.py:651} INFO - DAG(s) dict_keys(['process_pedestrian_accidents_data']) retrieved from /opt/airflow/dags/process_data/pedestrian_files.py
[2022-10-28 21:05:30,519] {logging_mixin.py:115} INFO - [2022-10-28 21:05:30,518] {dag.py:2420} INFO - Sync 1 DAGs
[2022-10-28 21:05:30,532] {logging_mixin.py:115} INFO - [2022-10-28 21:05:30,532] {dag.py:2972} INFO - Setting next_dagrun for process_pedestrian_accidents_data to 2022-09-01T00:00:00+00:00, run_after=2022-10-01T00:00:00+00:00
[2022-10-28 21:05:30,537] {processor.py:161} INFO - Processing /opt/airflow/dags/process_data/pedestrian_files.py took 0.440 seconds
[2022-10-28 21:06:00,928] {processor.py:153} INFO - Started process (PID=345) to work on /opt/airflow/dags/process_data/pedestrian_files.py
[2022-10-28 21:06:00,929] {processor.py:641} INFO - Processing file /opt/airflow/dags/process_data/pedestrian_files.py for tasks to queue
[2022-10-28 21:06:00,929] {logging_mixin.py:115} INFO - [2022-10-28 21:06:00,929] {dagbag.py:508} INFO - Filling up the DagBag from /opt/airflow/dags/process_data/pedestrian_files.py
[2022-10-28 21:06:01,192] {logging_mixin.py:115} INFO - [2022-10-28 21:06:01,191] {credentials.py:1180} INFO - Found credentials in environment variables.
[2022-10-28 21:06:01,329] {processor.py:651} INFO - DAG(s) dict_keys(['process_pedestrian_accidents_data']) retrieved from /opt/airflow/dags/process_data/pedestrian_files.py
[2022-10-28 21:06:01,340] {logging_mixin.py:115} INFO - [2022-10-28 21:06:01,340] {dag.py:2420} INFO - Sync 1 DAGs
[2022-10-28 21:06:01,353] {logging_mixin.py:115} INFO - [2022-10-28 21:06:01,353] {dag.py:2972} INFO - Setting next_dagrun for process_pedestrian_accidents_data to 2022-09-01T00:00:00+00:00, run_after=2022-10-01T00:00:00+00:00
[2022-10-28 21:06:01,358] {processor.py:161} INFO - Processing /opt/airflow/dags/process_data/pedestrian_files.py took 0.431 seconds
[2022-10-28 21:06:31,773] {processor.py:153} INFO - Started process (PID=392) to work on /opt/airflow/dags/process_data/pedestrian_files.py
[2022-10-28 21:06:31,773] {processor.py:641} INFO - Processing file /opt/airflow/dags/process_data/pedestrian_files.py for tasks to queue
[2022-10-28 21:06:31,773] {logging_mixin.py:115} INFO - [2022-10-28 21:06:31,773] {dagbag.py:508} INFO - Filling up the DagBag from /opt/airflow/dags/process_data/pedestrian_files.py
[2022-10-28 21:06:32,043] {logging_mixin.py:115} INFO - [2022-10-28 21:06:32,043] {credentials.py:1180} INFO - Found credentials in environment variables.
[2022-10-28 21:06:32,191] {processor.py:651} INFO - DAG(s) dict_keys(['process_pedestrian_accidents_data']) retrieved from /opt/airflow/dags/process_data/pedestrian_files.py
[2022-10-28 21:06:32,203] {logging_mixin.py:115} INFO - [2022-10-28 21:06:32,202] {dag.py:2420} INFO - Sync 1 DAGs
[2022-10-28 21:06:32,216] {logging_mixin.py:115} INFO - [2022-10-28 21:06:32,216] {dag.py:2972} INFO - Setting next_dagrun for process_pedestrian_accidents_data to 2022-09-01T00:00:00+00:00, run_after=2022-10-01T00:00:00+00:00
[2022-10-28 21:06:32,222] {processor.py:161} INFO - Processing /opt/airflow/dags/process_data/pedestrian_files.py took 0.450 seconds
[2022-10-28 21:07:02,610] {processor.py:153} INFO - Started process (PID=448) to work on /opt/airflow/dags/process_data/pedestrian_files.py
[2022-10-28 21:07:02,610] {processor.py:641} INFO - Processing file /opt/airflow/dags/process_data/pedestrian_files.py for tasks to queue
[2022-10-28 21:07:02,610] {logging_mixin.py:115} INFO - [2022-10-28 21:07:02,610] {dagbag.py:508} INFO - Filling up the DagBag from /opt/airflow/dags/process_data/pedestrian_files.py
[2022-10-28 21:07:02,876] {logging_mixin.py:115} INFO - [2022-10-28 21:07:02,876] {credentials.py:1180} INFO - Found credentials in environment variables.
[2022-10-28 21:07:03,018] {processor.py:651} INFO - DAG(s) dict_keys(['process_pedestrian_accidents_data']) retrieved from /opt/airflow/dags/process_data/pedestrian_files.py
[2022-10-28 21:07:03,030] {logging_mixin.py:115} INFO - [2022-10-28 21:07:03,029] {dag.py:2420} INFO - Sync 1 DAGs
[2022-10-28 21:07:03,042] {logging_mixin.py:115} INFO - [2022-10-28 21:07:03,042] {dag.py:2972} INFO - Setting next_dagrun for process_pedestrian_accidents_data to 2022-09-01T00:00:00+00:00, run_after=2022-10-01T00:00:00+00:00
[2022-10-28 21:07:03,047] {processor.py:161} INFO - Processing /opt/airflow/dags/process_data/pedestrian_files.py took 0.439 seconds
[2022-10-28 21:43:14,510] {processor.py:153} INFO - Started process (PID=177) to work on /opt/airflow/dags/process_data/pedestrian_files.py
[2022-10-28 21:43:14,511] {processor.py:641} INFO - Processing file /opt/airflow/dags/process_data/pedestrian_files.py for tasks to queue
[2022-10-28 21:43:14,511] {logging_mixin.py:115} INFO - [2022-10-28 21:43:14,511] {dagbag.py:508} INFO - Filling up the DagBag from /opt/airflow/dags/process_data/pedestrian_files.py
[2022-10-28 21:43:15,155] {logging_mixin.py:115} INFO - [2022-10-28 21:43:15,155] {credentials.py:1180} INFO - Found credentials in environment variables.
[2022-10-28 21:43:15,324] {processor.py:651} INFO - DAG(s) dict_keys(['process_pedestrian_accidents_data']) retrieved from /opt/airflow/dags/process_data/pedestrian_files.py
[2022-10-28 21:43:15,366] {logging_mixin.py:115} INFO - [2022-10-28 21:43:15,366] {manager.py:508} INFO - Created Permission View: can read on DAG:process_pedestrian_accidents_data
[2022-10-28 21:43:15,371] {logging_mixin.py:115} INFO - [2022-10-28 21:43:15,371] {manager.py:508} INFO - Created Permission View: can delete on DAG:process_pedestrian_accidents_data
[2022-10-28 21:43:15,375] {logging_mixin.py:115} INFO - [2022-10-28 21:43:15,375] {manager.py:508} INFO - Created Permission View: can edit on DAG:process_pedestrian_accidents_data
[2022-10-28 21:43:15,375] {logging_mixin.py:115} INFO - [2022-10-28 21:43:15,375] {dag.py:2420} INFO - Sync 1 DAGs
[2022-10-28 21:43:15,380] {logging_mixin.py:115} INFO - [2022-10-28 21:43:15,380] {dag.py:2439} INFO - Creating ORM DAG for process_pedestrian_accidents_data
[2022-10-28 21:43:15,387] {logging_mixin.py:115} INFO - [2022-10-28 21:43:15,387] {dag.py:2972} INFO - Setting next_dagrun for process_pedestrian_accidents_data to 2022-09-01T00:00:00+00:00, run_after=2022-10-01T00:00:00+00:00
[2022-10-28 21:43:15,394] {processor.py:161} INFO - Processing /opt/airflow/dags/process_data/pedestrian_files.py took 0.885 seconds
[2022-10-28 21:43:45,974] {processor.py:153} INFO - Started process (PID=233) to work on /opt/airflow/dags/process_data/pedestrian_files.py
[2022-10-28 21:43:45,974] {processor.py:641} INFO - Processing file /opt/airflow/dags/process_data/pedestrian_files.py for tasks to queue
[2022-10-28 21:43:45,974] {logging_mixin.py:115} INFO - [2022-10-28 21:43:45,974] {dagbag.py:508} INFO - Filling up the DagBag from /opt/airflow/dags/process_data/pedestrian_files.py
[2022-10-28 21:43:46,243] {logging_mixin.py:115} INFO - [2022-10-28 21:43:46,243] {credentials.py:1180} INFO - Found credentials in environment variables.
[2022-10-28 21:43:46,382] {processor.py:651} INFO - DAG(s) dict_keys(['process_pedestrian_accidents_data']) retrieved from /opt/airflow/dags/process_data/pedestrian_files.py
[2022-10-28 21:43:46,394] {logging_mixin.py:115} INFO - [2022-10-28 21:43:46,393] {dag.py:2420} INFO - Sync 1 DAGs
[2022-10-28 21:43:46,406] {logging_mixin.py:115} INFO - [2022-10-28 21:43:46,406] {dag.py:2972} INFO - Setting next_dagrun for process_pedestrian_accidents_data to 2022-09-01T00:00:00+00:00, run_after=2022-10-01T00:00:00+00:00
[2022-10-28 21:43:46,411] {processor.py:161} INFO - Processing /opt/airflow/dags/process_data/pedestrian_files.py took 0.439 seconds
[2022-10-28 21:44:16,884] {processor.py:153} INFO - Started process (PID=289) to work on /opt/airflow/dags/process_data/pedestrian_files.py
[2022-10-28 21:44:16,885] {processor.py:641} INFO - Processing file /opt/airflow/dags/process_data/pedestrian_files.py for tasks to queue
[2022-10-28 21:44:16,885] {logging_mixin.py:115} INFO - [2022-10-28 21:44:16,885] {dagbag.py:508} INFO - Filling up the DagBag from /opt/airflow/dags/process_data/pedestrian_files.py
[2022-10-28 21:44:17,153] {logging_mixin.py:115} INFO - [2022-10-28 21:44:17,153] {credentials.py:1180} INFO - Found credentials in environment variables.
[2022-10-28 21:44:17,294] {processor.py:651} INFO - DAG(s) dict_keys(['process_pedestrian_accidents_data']) retrieved from /opt/airflow/dags/process_data/pedestrian_files.py
[2022-10-28 21:44:17,313] {logging_mixin.py:115} INFO - [2022-10-28 21:44:17,313] {dag.py:2420} INFO - Sync 1 DAGs
[2022-10-28 21:44:17,326] {logging_mixin.py:115} INFO - [2022-10-28 21:44:17,326] {dag.py:2972} INFO - Setting next_dagrun for process_pedestrian_accidents_data to 2022-09-01T00:00:00+00:00, run_after=2022-10-01T00:00:00+00:00
[2022-10-28 21:44:17,332] {processor.py:161} INFO - Processing /opt/airflow/dags/process_data/pedestrian_files.py took 0.449 seconds
[2022-10-28 21:44:48,063] {processor.py:153} INFO - Started process (PID=354) to work on /opt/airflow/dags/process_data/pedestrian_files.py
[2022-10-28 21:44:48,063] {processor.py:641} INFO - Processing file /opt/airflow/dags/process_data/pedestrian_files.py for tasks to queue
[2022-10-28 21:44:48,064] {logging_mixin.py:115} INFO - [2022-10-28 21:44:48,063] {dagbag.py:508} INFO - Filling up the DagBag from /opt/airflow/dags/process_data/pedestrian_files.py
[2022-10-28 21:44:48,338] {logging_mixin.py:115} INFO - [2022-10-28 21:44:48,338] {credentials.py:1180} INFO - Found credentials in environment variables.
[2022-10-28 21:44:48,480] {processor.py:651} INFO - DAG(s) dict_keys(['process_pedestrian_accidents_data']) retrieved from /opt/airflow/dags/process_data/pedestrian_files.py
[2022-10-28 21:44:48,491] {logging_mixin.py:115} INFO - [2022-10-28 21:44:48,491] {dag.py:2420} INFO - Sync 1 DAGs
[2022-10-28 21:44:48,504] {logging_mixin.py:115} INFO - [2022-10-28 21:44:48,504] {dag.py:2972} INFO - Setting next_dagrun for process_pedestrian_accidents_data to 2022-09-01T00:00:00+00:00, run_after=2022-10-01T00:00:00+00:00
[2022-10-28 21:44:48,509] {processor.py:161} INFO - Processing /opt/airflow/dags/process_data/pedestrian_files.py took 0.448 seconds
[2022-10-28 21:45:19,072] {processor.py:153} INFO - Started process (PID=410) to work on /opt/airflow/dags/process_data/pedestrian_files.py
[2022-10-28 21:45:19,072] {processor.py:641} INFO - Processing file /opt/airflow/dags/process_data/pedestrian_files.py for tasks to queue
[2022-10-28 21:45:19,072] {logging_mixin.py:115} INFO - [2022-10-28 21:45:19,072] {dagbag.py:508} INFO - Filling up the DagBag from /opt/airflow/dags/process_data/pedestrian_files.py
[2022-10-28 21:45:19,349] {logging_mixin.py:115} INFO - [2022-10-28 21:45:19,349] {credentials.py:1180} INFO - Found credentials in environment variables.
[2022-10-28 21:45:19,506] {processor.py:651} INFO - DAG(s) dict_keys(['process_pedestrian_accidents_data']) retrieved from /opt/airflow/dags/process_data/pedestrian_files.py
[2022-10-28 21:45:19,518] {logging_mixin.py:115} INFO - [2022-10-28 21:45:19,518] {dag.py:2420} INFO - Sync 1 DAGs
[2022-10-28 21:45:19,532] {logging_mixin.py:115} INFO - [2022-10-28 21:45:19,532] {dag.py:2972} INFO - Setting next_dagrun for process_pedestrian_accidents_data to 2022-09-01T00:00:00+00:00, run_after=2022-10-01T00:00:00+00:00
[2022-10-28 21:45:19,538] {processor.py:161} INFO - Processing /opt/airflow/dags/process_data/pedestrian_files.py took 0.468 seconds
[2022-10-28 21:45:49,683] {processor.py:153} INFO - Started process (PID=466) to work on /opt/airflow/dags/process_data/pedestrian_files.py
[2022-10-28 21:45:49,684] {processor.py:641} INFO - Processing file /opt/airflow/dags/process_data/pedestrian_files.py for tasks to queue
[2022-10-28 21:45:49,684] {logging_mixin.py:115} INFO - [2022-10-28 21:45:49,684] {dagbag.py:508} INFO - Filling up the DagBag from /opt/airflow/dags/process_data/pedestrian_files.py
[2022-10-28 21:45:49,962] {logging_mixin.py:115} INFO - [2022-10-28 21:45:49,962] {credentials.py:1180} INFO - Found credentials in environment variables.
[2022-10-28 21:45:50,101] {processor.py:651} INFO - DAG(s) dict_keys(['process_pedestrian_accidents_data']) retrieved from /opt/airflow/dags/process_data/pedestrian_files.py
[2022-10-28 21:45:50,115] {logging_mixin.py:115} INFO - [2022-10-28 21:45:50,114] {dag.py:2420} INFO - Sync 1 DAGs
[2022-10-28 21:45:50,131] {logging_mixin.py:115} INFO - [2022-10-28 21:45:50,131] {dag.py:2972} INFO - Setting next_dagrun for process_pedestrian_accidents_data to 2022-09-01T00:00:00+00:00, run_after=2022-10-01T00:00:00+00:00
[2022-10-28 21:45:50,137] {processor.py:161} INFO - Processing /opt/airflow/dags/process_data/pedestrian_files.py took 0.455 seconds
