[2022-10-30 07:49:53,941] {taskinstance.py:1179} INFO - Dependencies all met for <TaskInstance: etl_denue.get_files scheduled__2022-09-01T00:00:00+00:00 [queued]>
[2022-10-30 07:49:53,946] {taskinstance.py:1179} INFO - Dependencies all met for <TaskInstance: etl_denue.get_files scheduled__2022-09-01T00:00:00+00:00 [queued]>
[2022-10-30 07:49:53,946] {taskinstance.py:1376} INFO - 
--------------------------------------------------------------------------------
[2022-10-30 07:49:53,946] {taskinstance.py:1377} INFO - Starting attempt 24 of 29
[2022-10-30 07:49:53,946] {taskinstance.py:1378} INFO - 
--------------------------------------------------------------------------------
[2022-10-30 07:49:53,954] {taskinstance.py:1397} INFO - Executing <Task(SeleniumOperator): get_files> on 2022-09-01 00:00:00+00:00
[2022-10-30 07:49:53,961] {standard_task_runner.py:52} INFO - Started process 9586 to run task
[2022-10-30 07:49:53,962] {standard_task_runner.py:79} INFO - Running: ['***', 'tasks', 'run', 'etl_denue', 'get_files', 'scheduled__2022-09-01T00:00:00+00:00', '--job-id', '26', '--raw', '--subdir', 'DAGS_FOLDER/get_raw_files/scrapper.py', '--cfg-path', '/tmp/tmpkkpi4anh', '--error-file', '/tmp/tmpyncifcvk']
[2022-10-30 07:49:53,963] {standard_task_runner.py:80} INFO - Job 26: Subtask get_files
[2022-10-30 07:49:53,997] {task_command.py:371} INFO - Running <TaskInstance: etl_denue.get_files scheduled__2022-09-01T00:00:00+00:00 [running]> on host 1dd15365b03f
[2022-10-30 07:49:54,039] {taskinstance.py:1591} INFO - Exporting the following env vars:
AIRFLOW_CTX_DAG_OWNER=Freakisimo
AIRFLOW_CTX_DAG_ID=etl_denue
AIRFLOW_CTX_TASK_ID=get_files
AIRFLOW_CTX_EXECUTION_DATE=2022-09-01T00:00:00+00:00
AIRFLOW_CTX_TRY_NUMBER=24
AIRFLOW_CTX_DAG_RUN_ID=scheduled__2022-09-01T00:00:00+00:00
[2022-10-30 07:49:54,137] {selenium_hook.py:14} INFO - initialised hook
[2022-10-30 07:49:54,137] {selenium_hook.py:18} INFO - getting ip
[2022-10-30 07:49:54,137] {selenium_hook.py:31} INFO - creating driver
[2022-10-30 07:49:54,225] {selenium_hook.py:46} INFO - remote ready
[2022-10-30 07:50:01,876] {logging_mixin.py:115} INFO - []
[2022-10-30 07:50:01,968] {taskinstance.py:1420} INFO - Marking task as SUCCESS. dag_id=etl_denue, task_id=get_files, execution_date=20220901T000000, start_date=20221030T074953, end_date=20221030T075001
[2022-10-30 07:50:02,020] {local_task_job.py:156} INFO - Task exited with return code 0
[2022-10-30 07:50:02,038] {local_task_job.py:273} INFO - 1 downstream tasks scheduled from follow-on schedule check
