[2022-10-28 21:47:30,949] {taskinstance.py:1179} INFO - Dependencies all met for <TaskInstance: get_files_denue.load scheduled__2022-09-01T00:00:00+00:00 [queued]>
[2022-10-28 21:47:30,954] {taskinstance.py:1179} INFO - Dependencies all met for <TaskInstance: get_files_denue.load scheduled__2022-09-01T00:00:00+00:00 [queued]>
[2022-10-28 21:47:30,954] {taskinstance.py:1376} INFO - 
--------------------------------------------------------------------------------
[2022-10-28 21:47:30,954] {taskinstance.py:1377} INFO - Starting attempt 1 of 6
[2022-10-28 21:47:30,954] {taskinstance.py:1378} INFO - 
--------------------------------------------------------------------------------
[2022-10-28 21:47:30,962] {taskinstance.py:1397} INFO - Executing <Task(_PythonDecoratedOperator): load> on 2022-09-01 00:00:00+00:00
[2022-10-28 21:47:30,966] {standard_task_runner.py:52} INFO - Started process 212 to run task
[2022-10-28 21:47:30,968] {standard_task_runner.py:79} INFO - Running: ['***', 'tasks', 'run', 'get_files_denue', 'load', 'scheduled__2022-09-01T00:00:00+00:00', '--job-id', '5', '--raw', '--subdir', 'DAGS_FOLDER/get_raw_files/get_files_denue.py', '--cfg-path', '/tmp/tmpj8wzra72', '--error-file', '/tmp/tmpk7s35dem']
[2022-10-28 21:47:30,969] {standard_task_runner.py:80} INFO - Job 5: Subtask load
[2022-10-28 21:47:31,000] {task_command.py:371} INFO - Running <TaskInstance: get_files_denue.load scheduled__2022-09-01T00:00:00+00:00 [running]> on host bb2b8b2f7954
[2022-10-28 21:47:31,142] {taskinstance.py:1591} INFO - Exporting the following env vars:
AIRFLOW_CTX_DAG_OWNER=Freakisimo
AIRFLOW_CTX_DAG_ID=get_files_denue
AIRFLOW_CTX_TASK_ID=load
AIRFLOW_CTX_EXECUTION_DATE=2022-09-01T00:00:00+00:00
AIRFLOW_CTX_TRY_NUMBER=1
AIRFLOW_CTX_DAG_RUN_ID=scheduled__2022-09-01T00:00:00+00:00
[2022-10-28 21:47:31,152] {credentials.py:1180} INFO - Found credentials in environment variables.
[2022-10-28 21:47:31,178] {python.py:173} INFO - Done. Returned value was: None
[2022-10-28 21:47:31,186] {taskinstance.py:1420} INFO - Marking task as SUCCESS. dag_id=get_files_denue, task_id=load, execution_date=20220901T000000, start_date=20221028T214730, end_date=20221028T214731
[2022-10-28 21:47:31,219] {local_task_job.py:156} INFO - Task exited with return code 0
[2022-10-28 21:47:31,241] {local_task_job.py:273} INFO - 0 downstream tasks scheduled from follow-on schedule check
