[2022-10-28 21:04:27,769] {processor.py:153} INFO - Started process (PID=174) to work on /opt/airflow/dags/get_raw_files/get_files_cetram.py
[2022-10-28 21:04:27,769] {processor.py:641} INFO - Processing file /opt/airflow/dags/get_raw_files/get_files_cetram.py for tasks to queue
[2022-10-28 21:04:27,770] {logging_mixin.py:115} INFO - [2022-10-28 21:04:27,770] {dagbag.py:508} INFO - Filling up the DagBag from /opt/airflow/dags/get_raw_files/get_files_cetram.py
[2022-10-28 21:04:28,366] {processor.py:651} INFO - DAG(s) dict_keys(['get_files_cetram']) retrieved from /opt/airflow/dags/get_raw_files/get_files_cetram.py
[2022-10-28 21:04:28,424] {logging_mixin.py:115} INFO - [2022-10-28 21:04:28,424] {manager.py:508} INFO - Created Permission View: can delete on DAG:get_files_cetram
[2022-10-28 21:04:28,429] {logging_mixin.py:115} INFO - [2022-10-28 21:04:28,429] {manager.py:508} INFO - Created Permission View: can read on DAG:get_files_cetram
[2022-10-28 21:04:28,433] {logging_mixin.py:115} INFO - [2022-10-28 21:04:28,433] {manager.py:508} INFO - Created Permission View: can edit on DAG:get_files_cetram
[2022-10-28 21:04:28,433] {logging_mixin.py:115} INFO - [2022-10-28 21:04:28,433] {dag.py:2420} INFO - Sync 1 DAGs
[2022-10-28 21:04:28,438] {logging_mixin.py:115} INFO - [2022-10-28 21:04:28,438] {dag.py:2439} INFO - Creating ORM DAG for get_files_cetram
[2022-10-28 21:04:28,552] {logging_mixin.py:115} INFO - [2022-10-28 21:04:28,552] {dag.py:2972} INFO - Setting next_dagrun for get_files_cetram to 2022-09-01T00:00:00+00:00, run_after=2022-10-01T00:00:00+00:00
[2022-10-28 21:04:28,561] {processor.py:161} INFO - Processing /opt/airflow/dags/get_raw_files/get_files_cetram.py took 0.793 seconds
[2022-10-28 21:04:59,290] {processor.py:153} INFO - Started process (PID=230) to work on /opt/airflow/dags/get_raw_files/get_files_cetram.py
[2022-10-28 21:04:59,291] {processor.py:641} INFO - Processing file /opt/airflow/dags/get_raw_files/get_files_cetram.py for tasks to queue
[2022-10-28 21:04:59,291] {logging_mixin.py:115} INFO - [2022-10-28 21:04:59,291] {dagbag.py:508} INFO - Filling up the DagBag from /opt/airflow/dags/get_raw_files/get_files_cetram.py
[2022-10-28 21:04:59,526] {processor.py:651} INFO - DAG(s) dict_keys(['get_files_cetram']) retrieved from /opt/airflow/dags/get_raw_files/get_files_cetram.py
[2022-10-28 21:04:59,563] {logging_mixin.py:115} INFO - [2022-10-28 21:04:59,563] {dag.py:2420} INFO - Sync 1 DAGs
[2022-10-28 21:04:59,576] {logging_mixin.py:115} INFO - [2022-10-28 21:04:59,576] {dag.py:2972} INFO - Setting next_dagrun for get_files_cetram to 2022-09-01T00:00:00+00:00, run_after=2022-10-01T00:00:00+00:00
[2022-10-28 21:04:59,583] {processor.py:161} INFO - Processing /opt/airflow/dags/get_raw_files/get_files_cetram.py took 0.294 seconds
[2022-10-28 21:05:30,096] {processor.py:153} INFO - Started process (PID=286) to work on /opt/airflow/dags/get_raw_files/get_files_cetram.py
[2022-10-28 21:05:30,096] {processor.py:641} INFO - Processing file /opt/airflow/dags/get_raw_files/get_files_cetram.py for tasks to queue
[2022-10-28 21:05:30,097] {logging_mixin.py:115} INFO - [2022-10-28 21:05:30,097] {dagbag.py:508} INFO - Filling up the DagBag from /opt/airflow/dags/get_raw_files/get_files_cetram.py
[2022-10-28 21:05:30,352] {processor.py:651} INFO - DAG(s) dict_keys(['get_files_cetram']) retrieved from /opt/airflow/dags/get_raw_files/get_files_cetram.py
[2022-10-28 21:05:30,390] {logging_mixin.py:115} INFO - [2022-10-28 21:05:30,390] {dag.py:2420} INFO - Sync 1 DAGs
[2022-10-28 21:05:30,403] {logging_mixin.py:115} INFO - [2022-10-28 21:05:30,403] {dag.py:2972} INFO - Setting next_dagrun for get_files_cetram to 2022-09-01T00:00:00+00:00, run_after=2022-10-01T00:00:00+00:00
[2022-10-28 21:05:30,410] {processor.py:161} INFO - Processing /opt/airflow/dags/get_raw_files/get_files_cetram.py took 0.315 seconds
[2022-10-28 21:06:00,927] {processor.py:153} INFO - Started process (PID=342) to work on /opt/airflow/dags/get_raw_files/get_files_cetram.py
[2022-10-28 21:06:00,928] {processor.py:641} INFO - Processing file /opt/airflow/dags/get_raw_files/get_files_cetram.py for tasks to queue
[2022-10-28 21:06:00,928] {logging_mixin.py:115} INFO - [2022-10-28 21:06:00,928] {dagbag.py:508} INFO - Filling up the DagBag from /opt/airflow/dags/get_raw_files/get_files_cetram.py
[2022-10-28 21:06:01,180] {processor.py:651} INFO - DAG(s) dict_keys(['get_files_cetram']) retrieved from /opt/airflow/dags/get_raw_files/get_files_cetram.py
[2022-10-28 21:06:01,218] {logging_mixin.py:115} INFO - [2022-10-28 21:06:01,217] {dag.py:2420} INFO - Sync 1 DAGs
[2022-10-28 21:06:01,230] {logging_mixin.py:115} INFO - [2022-10-28 21:06:01,230] {dag.py:2972} INFO - Setting next_dagrun for get_files_cetram to 2022-09-01T00:00:00+00:00, run_after=2022-10-01T00:00:00+00:00
[2022-10-28 21:06:01,237] {processor.py:161} INFO - Processing /opt/airflow/dags/get_raw_files/get_files_cetram.py took 0.312 seconds
[2022-10-28 21:06:31,771] {processor.py:153} INFO - Started process (PID=389) to work on /opt/airflow/dags/get_raw_files/get_files_cetram.py
[2022-10-28 21:06:31,772] {processor.py:641} INFO - Processing file /opt/airflow/dags/get_raw_files/get_files_cetram.py for tasks to queue
[2022-10-28 21:06:31,772] {logging_mixin.py:115} INFO - [2022-10-28 21:06:31,772] {dagbag.py:508} INFO - Filling up the DagBag from /opt/airflow/dags/get_raw_files/get_files_cetram.py
[2022-10-28 21:06:32,010] {processor.py:651} INFO - DAG(s) dict_keys(['get_files_cetram']) retrieved from /opt/airflow/dags/get_raw_files/get_files_cetram.py
[2022-10-28 21:06:32,048] {logging_mixin.py:115} INFO - [2022-10-28 21:06:32,048] {dag.py:2420} INFO - Sync 1 DAGs
[2022-10-28 21:06:32,062] {logging_mixin.py:115} INFO - [2022-10-28 21:06:32,062] {dag.py:2972} INFO - Setting next_dagrun for get_files_cetram to 2022-09-01T00:00:00+00:00, run_after=2022-10-01T00:00:00+00:00
[2022-10-28 21:06:32,069] {processor.py:161} INFO - Processing /opt/airflow/dags/get_raw_files/get_files_cetram.py took 0.300 seconds
[2022-10-28 21:07:02,609] {processor.py:153} INFO - Started process (PID=445) to work on /opt/airflow/dags/get_raw_files/get_files_cetram.py
[2022-10-28 21:07:02,609] {processor.py:641} INFO - Processing file /opt/airflow/dags/get_raw_files/get_files_cetram.py for tasks to queue
[2022-10-28 21:07:02,610] {logging_mixin.py:115} INFO - [2022-10-28 21:07:02,610] {dagbag.py:508} INFO - Filling up the DagBag from /opt/airflow/dags/get_raw_files/get_files_cetram.py
[2022-10-28 21:07:02,865] {processor.py:651} INFO - DAG(s) dict_keys(['get_files_cetram']) retrieved from /opt/airflow/dags/get_raw_files/get_files_cetram.py
[2022-10-28 21:07:02,903] {logging_mixin.py:115} INFO - [2022-10-28 21:07:02,902] {dag.py:2420} INFO - Sync 1 DAGs
[2022-10-28 21:07:02,915] {logging_mixin.py:115} INFO - [2022-10-28 21:07:02,915] {dag.py:2972} INFO - Setting next_dagrun for get_files_cetram to 2022-09-01T00:00:00+00:00, run_after=2022-10-01T00:00:00+00:00
[2022-10-28 21:07:02,922] {processor.py:161} INFO - Processing /opt/airflow/dags/get_raw_files/get_files_cetram.py took 0.315 seconds
